<?xml version="1.0" encoding="UTF-8"?>
<robot generator="Robot 7.0.1 (Python 3.12.2 on win32)" generated="2024-08-05T20:36:49.889530" rpa="false" schemaversion="5">
<suite id="s1" name="FrontOffice" source="C:\development\robot-scripts\Front-Office\tests\FrontOffice.robot">
<test id="s1-t1" name="Should be able to access &quot;Team&quot; page" line="17">
<kw name="Begin Test" owner="Common" type="SETUP">
<kw name="Set Selenium Speed" owner="SeleniumLibrary">
<arg>0.0000001s</arg>
<doc>Sets the delay that is waited after each Selenium command.</doc>
<status status="PASS" start="2024-08-05T20:36:50.289193" elapsed="0.001000"/>
</kw>
<kw name="Set Selenium Timeout" owner="SeleniumLibrary">
<arg>5s</arg>
<doc>Sets the timeout that is used by various keywords.</doc>
<status status="PASS" start="2024-08-05T20:36:50.290193" elapsed="0.000000"/>
</kw>
<kw name="Open Browser" owner="SeleniumLibrary">
<msg time="2024-08-05T20:36:50.291193" level="INFO">Opening browser 'chrome' to base url 'https://automationplayground.com/front-office'.</msg>
<arg>${url}</arg>
<arg>${browser}</arg>
<doc>Opens a new browser instance to the optional ``url``.</doc>
<status status="PASS" start="2024-08-05T20:36:50.291193" elapsed="9.688349"/>
</kw>
<kw name="Maximize Browser Window" owner="SeleniumLibrary">
<doc>Maximizes current browser window.</doc>
<status status="PASS" start="2024-08-05T20:36:59.980543" elapsed="0.449018"/>
</kw>
<arg>${URL}</arg>
<arg>${BROWSER}</arg>
<doc>Open the browser and navigate to the start URL.</doc>
<status status="PASS" start="2024-08-05T20:36:50.288193" elapsed="10.141368"/>
</kw>
<kw name="Verfiy Landing Page is Loaded" owner="FrontOfficeApp">
<kw name="Verify Landing Page is Loaded" owner="LandingPage">
<kw name="Check The Landing Page Intro Heading" owner="LandingPage">
<kw name="Wait Until Page Contains" owner="SeleniumLibrary">
<arg>${INTRO_HEADLINE}</arg>
<doc>Waits until ``text`` appears on the current page.</doc>
<status status="PASS" start="2024-08-05T20:37:00.432561" elapsed="0.034001"/>
</kw>
<doc>Wait until the landing page intro heading is present.</doc>
<status status="PASS" start="2024-08-05T20:37:00.432561" elapsed="0.035005"/>
</kw>
<doc>Verify that the landing page is loaded by checking the intro heading.</doc>
<status status="PASS" start="2024-08-05T20:37:00.432561" elapsed="0.035005"/>
</kw>
<doc>Verify that the landing page is loaded by checking the intro heading.</doc>
<status status="PASS" start="2024-08-05T20:37:00.431560" elapsed="0.036006"/>
</kw>
<kw name="Go to Team Page" owner="FrontOfficeApp">
<kw name="Click on &quot;Team&quot; Page Link" owner="FrontOfficeApp">
<kw name="Click on a link on the Top Nav" owner="TopNav">
<kw name="Click Element" owner="SeleniumLibrary">
<msg time="2024-08-05T20:37:00.507783" level="INFO">Clicking element '//*[@id="bs-example-navbar-collapse-1"]/ul/li[5]/a'.</msg>
<arg>${link_href}</arg>
<doc>Click the element identified by ``locator``.</doc>
<status status="PASS" start="2024-08-05T20:37:00.472558" elapsed="0.134242"/>
</kw>
<arg>${TEAM_PAGE_LINK}</arg>
<doc>Click on the provided link in the top navigation bar.</doc>
<status status="PASS" start="2024-08-05T20:37:00.471558" elapsed="0.136239"/>
</kw>
<doc>Click on the Team Page link in the top navigation.</doc>
<status status="PASS" start="2024-08-05T20:37:00.470558" elapsed="0.137239"/>
</kw>
<kw name="Verify Main Headline of The TeamPage" owner="TeamPage">
<kw name="Get Text" owner="SeleniumLibrary">
<msg time="2024-08-05T20:37:00.644801" level="INFO">${HEADLINE} = OUR AMAZING TEAM</msg>
<var>${HEADLINE}</var>
<arg>${HEADLINE_LOCATOR}</arg>
<doc>Returns the text value of the element identified by ``locator``.</doc>
<status status="PASS" start="2024-08-05T20:37:00.607797" elapsed="0.037004"/>
</kw>
<kw name="Should Be Equal As Strings" owner="BuiltIn">
<arg>${HEADLINE}</arg>
<arg>Our Amazing Team</arg>
<arg>ignore_case=True</arg>
<doc>Fails if objects are unequal after converting them to strings.</doc>
<status status="PASS" start="2024-08-05T20:37:00.644801" elapsed="0.000994"/>
</kw>
<doc>Verify the main headline of the Team Page.</doc>
<status status="PASS" start="2024-08-05T20:37:00.607797" elapsed="0.037998"/>
</kw>
<kw name="Verify TeamPage Is Highlighted" owner="TeamPage">
<kw name="Verify TeamPage Is Highlighted in the Menu List" owner="TeamPage">
<kw name="Verify Top Nav Active List" owner="TopNav">
<kw name="Check if the section in menu is active" owner="TopNav">
<kw name="Run Keyword And Return Status" owner="BuiltIn">
<kw name="Element Should Be Visible" owner="SeleniumLibrary">
<msg time="2024-08-05T20:37:00.763112" level="INFO">Element 'xpath=//*[@id="bs-example-navbar-collapse-1"]/ul/li[5]' is displayed.</msg>
<arg>${active_list_locator}</arg>
<doc>Verifies that the element identified by ``locator`` is visible.</doc>
<status status="PASS" start="2024-08-05T20:37:00.647791" elapsed="0.115321"/>
</kw>
<msg time="2024-08-05T20:37:00.763112" level="INFO">${result} = True</msg>
<var>${result}</var>
<arg>Element Should Be Visible</arg>
<arg>${active_list_locator}</arg>
<doc>Runs the given keyword with given arguments and returns the status as a Boolean value.</doc>
<status status="PASS" start="2024-08-05T20:37:00.647791" elapsed="0.115321"/>
</kw>
<return>
<value>${result}</value>
<status status="PASS" start="2024-08-05T20:37:00.763112" elapsed="0.000000"/>
</return>
<msg time="2024-08-05T20:37:00.764112" level="INFO">${is_active} = True</msg>
<var>${is_active}</var>
<arg>${active_list_locator}</arg>
<doc>Check if the provided menu item is active.</doc>
<status status="PASS" start="2024-08-05T20:37:00.646792" elapsed="0.117320"/>
</kw>
<kw name="Check if the section in menu is enabled" owner="TopNav">
<kw name="Run Keyword And Return Status" owner="BuiltIn">
<kw name="Wait Until Element Is Enabled" owner="SeleniumLibrary">
<arg>${enabled_list_locator}</arg>
<doc>Waits until the element ``locator`` is enabled.</doc>
<status status="PASS" start="2024-08-05T20:37:00.764112" elapsed="0.040003"/>
</kw>
<msg time="2024-08-05T20:37:00.805114" level="INFO">${result} = True</msg>
<var>${result}</var>
<arg>Wait Until Element Is Enabled</arg>
<arg>${enabled_list_locator}</arg>
<doc>Runs the given keyword with given arguments and returns the status as a Boolean value.</doc>
<status status="PASS" start="2024-08-05T20:37:00.764112" elapsed="0.041002"/>
</kw>
<return>
<value>${result}</value>
<status status="PASS" start="2024-08-05T20:37:00.805114" elapsed="0.000000"/>
</return>
<msg time="2024-08-05T20:37:00.805114" level="INFO">${is_enabled} = True</msg>
<var>${is_enabled}</var>
<arg>${enabled_list_locator}</arg>
<doc>Check if the provided menu item is enabled.</doc>
<status status="PASS" start="2024-08-05T20:37:00.764112" elapsed="0.041002"/>
</kw>
<kw name="Should Be True" owner="BuiltIn">
<arg>${is_active}</arg>
<arg>The menu item is not active.</arg>
<doc>Fails if the given condition is not true.</doc>
<status status="PASS" start="2024-08-05T20:37:00.805114" elapsed="0.001015"/>
</kw>
<kw name="Should Be True" owner="BuiltIn">
<arg>${is_enabled}</arg>
<arg>The menu item is not enabled.</arg>
<doc>Fails if the given condition is not true.</doc>
<status status="PASS" start="2024-08-05T20:37:00.806129" elapsed="0.000000"/>
</kw>
<arg>${team_link_locator}</arg>
<arg>${active_item_selector}</arg>
<doc>Verify that the provided navigation menu item is active.</doc>
<status status="PASS" start="2024-08-05T20:37:00.646792" elapsed="0.159337"/>
</kw>
<arg>${TEAM_LINK_LOCATOR}</arg>
<arg>${ACTIVE_ITEM_SELECTOR}</arg>
<status status="PASS" start="2024-08-05T20:37:00.645795" elapsed="0.160334"/>
</kw>
<doc>Verify that the Team Page link is highlighted in the menu.</doc>
<status status="PASS" start="2024-08-05T20:37:00.645795" elapsed="0.160334"/>
</kw>
<doc>Navigate to the Team Page and verify it is loaded and highlighted in the menu.</doc>
<status status="PASS" start="2024-08-05T20:37:00.468560" elapsed="0.337569"/>
</kw>
<kw name="End Test" owner="Common" type="TEARDOWN">
<kw name="Close Browser" owner="SeleniumLibrary">
<doc>Closes the current browser.</doc>
<status status="PASS" start="2024-08-05T20:37:00.807113" elapsed="2.262466"/>
</kw>
<doc>Close the browser.</doc>
<status status="PASS" start="2024-08-05T20:37:00.807113" elapsed="2.262466"/>
</kw>
<doc>This test verifies that the "Team" page is accessible from the landing page.</doc>
<tag>Regression</tag>
<tag>Smoke</tag>
<tag>Web Test</tag>
<status status="PASS" start="2024-08-05T20:36:50.286196" elapsed="12.784384"/>
</test>
<doc>This suite tests the navigation bar functionality and various page elements of the Front Office application.</doc>
<status status="PASS" start="2024-08-05T20:36:49.891537" elapsed="13.181043"/>
</suite>
<statistics>
<total>
<stat pass="1" fail="0" skip="0">All Tests</stat>
</total>
<tag>
<stat pass="1" fail="0" skip="0">Regression</stat>
<stat pass="1" fail="0" skip="0">Smoke</stat>
<stat pass="1" fail="0" skip="0">Web Test</stat>
</tag>
<suite>
<stat pass="1" fail="0" skip="0" id="s1" name="FrontOffice">FrontOffice</stat>
</suite>
</statistics>
<errors>
</errors>
</robot>
