<?xml version="1.0" encoding="UTF-8"?>
<robot generator="Robot 7.0.1 (Python 3.12.2 on win32)" generated="2024-08-05T18:29:51.571784" rpa="false" schemaversion="5">
<suite id="s1" name="FrontOffice" source="C:\development\robot-scripts\Front-Office\tests\FrontOffice.robot">
<test id="s1-t1" name="Should be able to access &quot;Team&quot; page" line="17">
<kw name="Begin Test" owner="Common" type="SETUP">
<kw name="Set Selenium Speed" owner="SeleniumLibrary">
<arg>0.0000001s</arg>
<doc>Sets the delay that is waited after each Selenium command.</doc>
<status status="PASS" start="2024-08-05T18:29:52.126644" elapsed="0.000000"/>
</kw>
<kw name="Set Selenium Timeout" owner="SeleniumLibrary">
<arg>10s</arg>
<doc>Sets the timeout that is used by various keywords.</doc>
<status status="PASS" start="2024-08-05T18:29:52.127642" elapsed="0.000000"/>
</kw>
<kw name="Open Browser" owner="SeleniumLibrary">
<msg time="2024-08-05T18:29:52.128640" level="INFO">Opening browser 'firefox' to base url 'https://automationplayground.com/front-office'.</msg>
<msg time="2024-08-05T18:29:53.337268" level="WARN">The geckodriver version (0.34.0) detected in PATH at C:\bin\geckodriver.exe might not be compatible with the detected firefox version (92.0.0.7916); currently, geckodriver 0.31.0 is recommended for firefox 92.*, so it is advised to delete the driver in PATH and retry</msg>
<arg>${url}</arg>
<arg>${browser}</arg>
<doc>Opens a new browser instance to the optional ``url``.</doc>
<status status="PASS" start="2024-08-05T18:29:52.127642" elapsed="12.704185"/>
</kw>
<kw name="Maximize Browser Window" owner="SeleniumLibrary">
<doc>Maximizes current browser window.</doc>
<status status="PASS" start="2024-08-05T18:30:04.832830" elapsed="0.002013"/>
</kw>
<arg>${URL}</arg>
<arg>${BROWSER}</arg>
<status status="PASS" start="2024-08-05T18:29:52.123641" elapsed="12.712186"/>
</kw>
<kw name="Verfiy Landing Page is Loaded" owner="FrontOfficeApp">
<kw name="Verify Landing Page is Loaded" owner="LandingPage">
<kw name="Check The Landing Page Intro Heading" owner="LandingPage">
<kw name="Wait Until Page Contains" owner="SeleniumLibrary">
<arg>${INTRO_HEADLINE}</arg>
<doc>Waits until ``text`` appears on the current page.</doc>
<status status="PASS" start="2024-08-05T18:30:04.837826" elapsed="0.026998"/>
</kw>
<status status="PASS" start="2024-08-05T18:30:04.837826" elapsed="0.026998"/>
</kw>
<status status="PASS" start="2024-08-05T18:30:04.836840" elapsed="0.027984"/>
</kw>
<status status="PASS" start="2024-08-05T18:30:04.836840" elapsed="0.028986"/>
</kw>
<kw name="Go to Team Page" owner="FrontOfficeApp">
<kw name="Click on &quot;Team&quot; Page Link" owner="FrontOfficeApp">
<kw name="Click on a link on the Top Nav" owner="TopNav">
<kw name="Click Element" owner="SeleniumLibrary">
<msg time="2024-08-05T18:30:04.867828" level="INFO">Clicking element '//*[@id="bs-example-navbar-collapse-1"]/ul/li[5]/a'.</msg>
<arg>${link_href}</arg>
<doc>Click the element identified by ``locator``.</doc>
<status status="PASS" start="2024-08-05T18:30:04.866823" elapsed="0.250496"/>
</kw>
<arg>${TEAM_PAGE_LINK}</arg>
<status status="PASS" start="2024-08-05T18:30:04.866823" elapsed="0.250496"/>
</kw>
<status status="PASS" start="2024-08-05T18:30:04.866823" elapsed="0.250496"/>
</kw>
<kw name="Verify Main Headline of The TeamPage" owner="TeamPage">
<kw name="Get Text" owner="SeleniumLibrary">
<msg time="2024-08-05T18:30:05.141308" level="INFO">${HEADLINE} = OUR AMAZING TEAM</msg>
<var>${HEADLINE}</var>
<arg>${HEADLINE_LOCATOR}</arg>
<doc>Returns the text value of the element identified by ``locator``.</doc>
<status status="PASS" start="2024-08-05T18:30:05.118318" elapsed="0.022990"/>
</kw>
<kw name="Should Be Equal As Strings" owner="BuiltIn">
<arg>${HEADLINE}</arg>
<arg>Our Amazing Team</arg>
<arg>ignore_case=True</arg>
<doc>Fails if objects are unequal after converting them to strings.</doc>
<status status="PASS" start="2024-08-05T18:30:05.141308" elapsed="0.000998"/>
</kw>
<status status="PASS" start="2024-08-05T18:30:05.117319" elapsed="0.024987"/>
</kw>
<kw name="Verify TeamPage Is Highlighted" owner="TeamPage">
<kw name="Verify TeamPage Is Highlighted in the Menu List" owner="TeamPage">
<kw name="Verify Top Nav Active List" owner="TopNav">
<kw name="Check if the section in menu is active" owner="TopNav">
<kw name="Run Keyword And Return Status" owner="BuiltIn">
<kw name="Element Should Be Visible" owner="SeleniumLibrary">
<msg time="2024-08-05T18:30:05.160318" level="INFO">Element 'xpath=//*[@id="bs-example-navbar-collapse-1"]/ul/li[5]' is displayed.</msg>
<arg>${active_list_locator}</arg>
<doc>Verifies that the element identified by ``locator`` is visible.</doc>
<status status="PASS" start="2024-08-05T18:30:05.144318" elapsed="0.016000"/>
</kw>
<msg time="2024-08-05T18:30:05.161310" level="INFO">${result} = True</msg>
<var>${result}</var>
<arg>Element Should Be Visible</arg>
<arg>${active_list_locator}</arg>
<doc>Runs the given keyword with given arguments and returns the status as a Boolean value.</doc>
<status status="PASS" start="2024-08-05T18:30:05.144318" elapsed="0.016992"/>
</kw>
<return>
<value>${result}</value>
<status status="PASS" start="2024-08-05T18:30:05.161310" elapsed="0.000000"/>
</return>
<msg time="2024-08-05T18:30:05.161310" level="INFO">${is_active} = True</msg>
<var>${is_active}</var>
<arg>${active_list_locator}</arg>
<status status="PASS" start="2024-08-05T18:30:05.143317" elapsed="0.017993"/>
</kw>
<kw name="Check if the section in menu is enabled" owner="TopNav">
<kw name="Run Keyword And Return Status" owner="BuiltIn">
<kw name="Wait Until Element Is Enabled" owner="SeleniumLibrary">
<arg>${enabled_list_locator}</arg>
<doc>Waits until the element ``locator`` is enabled.</doc>
<status status="PASS" start="2024-08-05T18:30:05.162317" elapsed="0.016002"/>
</kw>
<msg time="2024-08-05T18:30:05.178319" level="INFO">${result} = True</msg>
<var>${result}</var>
<arg>Wait Until Element Is Enabled</arg>
<arg>${enabled_list_locator}</arg>
<doc>Runs the given keyword with given arguments and returns the status as a Boolean value.</doc>
<status status="PASS" start="2024-08-05T18:30:05.162317" elapsed="0.016002"/>
</kw>
<return>
<value>${result}</value>
<status status="PASS" start="2024-08-05T18:30:05.178319" elapsed="0.000000"/>
</return>
<msg time="2024-08-05T18:30:05.178319" level="INFO">${is_enabled} = True</msg>
<var>${is_enabled}</var>
<arg>${enabled_list_locator}</arg>
<status status="PASS" start="2024-08-05T18:30:05.161310" elapsed="0.017009"/>
</kw>
<kw name="Should Be True" owner="BuiltIn">
<arg>${is_active}</arg>
<arg>The menu item is not active.</arg>
<doc>Fails if the given condition is not true.</doc>
<status status="PASS" start="2024-08-05T18:30:05.178319" elapsed="0.000998"/>
</kw>
<kw name="Should Be True" owner="BuiltIn">
<arg>${is_enabled}</arg>
<arg>The menu item is not enabled.</arg>
<doc>Fails if the given condition is not true.</doc>
<status status="PASS" start="2024-08-05T18:30:05.179317" elapsed="0.000000"/>
</kw>
<arg>${team_link_locator}</arg>
<arg>${active_item_selector}</arg>
<status status="PASS" start="2024-08-05T18:30:05.143317" elapsed="0.036000"/>
</kw>
<arg>${TEAM_LINK_LOCATOR}</arg>
<arg>${ACTIVE_ITEM_SELECTOR}</arg>
<status status="PASS" start="2024-08-05T18:30:05.142306" elapsed="0.037011"/>
</kw>
<status status="PASS" start="2024-08-05T18:30:05.142306" elapsed="0.037011"/>
</kw>
<status status="PASS" start="2024-08-05T18:30:04.865826" elapsed="0.313491"/>
</kw>
<kw name="End Test" owner="Common" type="TEARDOWN">
<kw name="Close Browser" owner="SeleniumLibrary">
<doc>Closes the current browser.</doc>
<status status="PASS" start="2024-08-05T18:30:05.181305" elapsed="2.945997"/>
</kw>
<status status="PASS" start="2024-08-05T18:30:05.180313" elapsed="2.946989"/>
</kw>
<tag>Regression</tag>
<tag>Smoke</tag>
<tag>Web Test</tag>
<status status="PASS" start="2024-08-05T18:29:52.121643" elapsed="16.006659"/>
</test>
<status status="PASS" start="2024-08-05T18:29:51.575784" elapsed="16.555499"/>
</suite>
<statistics>
<total>
<stat pass="1" fail="0" skip="0">All Tests</stat>
</total>
<tag>
<stat pass="1" fail="0" skip="0">Regression</stat>
<stat pass="1" fail="0" skip="0">Smoke</stat>
<stat pass="1" fail="0" skip="0">Web Test</stat>
</tag>
<suite>
<stat pass="1" fail="0" skip="0" id="s1" name="FrontOffice">FrontOffice</stat>
</suite>
</statistics>
<errors>
<msg time="2024-08-05T18:29:53.337268" level="WARN">The geckodriver version (0.34.0) detected in PATH at C:\bin\geckodriver.exe might not be compatible with the detected firefox version (92.0.0.7916); currently, geckodriver 0.31.0 is recommended for firefox 92.*, so it is advised to delete the driver in PATH and retry</msg>
</errors>
</robot>
